<?xml version="1.0" encoding="UTF-8"?>
<!-- Generated by org.testng.reporters.JUnitReportReporter -->
<testsuite hostname="DESKTOP-10BP95J" failures="0" tests="1" name="eCommerceProject.Flipkart" time="23.480" errors="0" timestamp="2023-07-31T21:59:03 IST" skipped="0">
  <testcase classname="eCommerceProject.Flipkart" name="flipkartTest" time="23.480"/>
  <system-out>
    <![CDATA[Openning flipkart]]>
  </system-out>
</testsuite> <!-- eCommerceProject.Flipkart -->
