<?xml version="1.0" encoding="UTF-8"?>
<!-- Generated by org.testng.reporters.JUnitReportReporter -->
<testsuite hostname="DESKTOP-10BP95J" failures="0" tests="1" name="eCommerceProject.Ajio" time="64.782" errors="0" timestamp="2023-07-31T21:59:03 IST" skipped="0">
  <testcase classname="eCommerceProject.Ajio" name="ajioTest" time="64.782"/>
  <system-out>
    <![CDATA[Openning ajio]]>
  </system-out>
</testsuite> <!-- eCommerceProject.Ajio -->
