<?xml version="1.0" encoding="UTF-8"?>
<!-- Generated by org.testng.reporters.JUnitReportReporter -->
<testsuite hostname="DESKTOP-10BP95J" failures="0" tests="1" name="eCommerceProject.Amazon" time="51.253" errors="0" timestamp="2023-07-31T21:59:03 IST" skipped="0">
  <testcase classname="eCommerceProject.Amazon" name="amazonTest" time="51.253"/>
  <system-out>
    <![CDATA[Openning amazon]]>
  </system-out>
</testsuite> <!-- eCommerceProject.Amazon -->
